<?xml version="1.0" encoding="UTF-8"?>
<testng-results skipped="0" failed="0" ignored="0" total="1" passed="1">
  <reporter-output>
  </reporter-output>
  <suite name="Default suite" duration-ms="2689" started-at="2021-07-21T20:08:20 IST" finished-at="2021-07-21T20:08:23 IST">
    <groups>
    </groups>
    <test name="Default test" duration-ms="2689" started-at="2021-07-21T20:08:20 IST" finished-at="2021-07-21T20:08:23 IST">
      <class name="TestCases.TestHamcrest">
        <test-method status="PASS" signature="testHamcrest()[pri:0, instance:TestCases.TestHamcrest@33c7e1bb]" name="testHamcrest" duration-ms="2651" started-at="2021-07-21T20:08:20 IST" finished-at="2021-07-21T20:08:23 IST">
          <reporter-output>
          </reporter-output>
        </test-method> <!-- testHamcrest -->
      </class> <!-- TestCases.TestHamcrest -->
    </test> <!-- Default test -->
  </suite> <!-- Default suite -->
</testng-results>
